0 info it worked if it ends with ok
1 verbose cli [ 'c:\\Program Files\\nodejs\\node.exe',
1 verbose cli   'c:\\Program Files\\nodejs\\node_modules\\npm\\bin\\npm-cli.js',
1 verbose cli   'install',
1 verbose cli   '--save-dev',
1 verbose cli   'grunt-contrib-watch' ]
2 info using npm@2.11.3
3 info using node@v0.12.7
4 verbose install initial load of c:\_source\BasicAppDevelopmentTemplate\package.json
5 verbose stack Error: Invalid name: "Riverside JS Workshop - Development Template"
5 verbose stack     at ensureValidName (c:\Program Files\nodejs\node_modules\npm\node_modules\normalize-package-data\lib\fixer.js:327:15)
5 verbose stack     at Object.module.exports.fixNameField (c:\Program Files\nodejs\node_modules\npm\node_modules\normalize-package-data\lib\fixer.js:210:5)
5 verbose stack     at c:\Program Files\nodejs\node_modules\npm\node_modules\normalize-package-data\lib\normalize.js:32:38
5 verbose stack     at Array.forEach (native)
5 verbose stack     at normalize (c:\Program Files\nodejs\node_modules\npm\node_modules\normalize-package-data\lib\normalize.js:31:15)
5 verbose stack     at final (c:\Program Files\nodejs\node_modules\npm\node_modules\read-package-json\read-json.js:338:5)
5 verbose stack     at then (c:\Program Files\nodejs\node_modules\npm\node_modules\read-package-json\read-json.js:113:5)
5 verbose stack     at c:\Program Files\nodejs\node_modules\npm\node_modules\read-package-json\read-json.js:300:12
5 verbose stack     at evalmachine.<anonymous>:334:14
5 verbose stack     at c:\Program Files\nodejs\node_modules\npm\node_modules\graceful-fs\graceful-fs.js:102:5
6 verbose cwd c:\_source\BasicAppDevelopmentTemplate
7 error Windows_NT 6.3.9600
8 error argv "c:\\Program Files\\nodejs\\node.exe" "c:\\Program Files\\nodejs\\node_modules\\npm\\bin\\npm-cli.js" "install" "--save-dev" "grunt-contrib-watch"
9 error node v0.12.7
10 error npm  v2.11.3
11 error Invalid name: "Riverside JS Workshop - Development Template"
12 error If you need help, you may report this error at:
12 error     <https://github.com/npm/npm/issues>
13 verbose exit [ 1, true ]
